C:\My\GitHub\My-brackets\AspDotNet-ReactRedux\PureCore\Infrastructure\Infrastructure\ClientApp\dist\consts.js
C:\My\GitHub\My-brackets\AspDotNet-ReactRedux\PureCore\Infrastructure\Infrastructure\ClientApp\dist\consts.js.map
C:\My\GitHub\My-brackets\AspDotNet-ReactRedux\PureCore\Infrastructure\Infrastructure\ClientApp\dist\redux\constants\index.js
C:\My\GitHub\My-brackets\AspDotNet-ReactRedux\PureCore\Infrastructure\Infrastructure\ClientApp\dist\redux\constants\index.js.map
C:\My\GitHub\My-brackets\AspDotNet-ReactRedux\PureCore\Infrastructure\Infrastructure\ClientApp\dist\redux\actions\index.js
C:\My\GitHub\My-brackets\AspDotNet-ReactRedux\PureCore\Infrastructure\Infrastructure\ClientApp\dist\redux\actions\index.js.map
C:\My\GitHub\My-brackets\AspDotNet-ReactRedux\PureCore\Infrastructure\Infrastructure\ClientApp\dist\types\index.js
C:\My\GitHub\My-brackets\AspDotNet-ReactRedux\PureCore\Infrastructure\Infrastructure\ClientApp\dist\types\index.js.map
C:\My\GitHub\My-brackets\AspDotNet-ReactRedux\PureCore\Infrastructure\Infrastructure\ClientApp\dist\redux\store\initState.js
C:\My\GitHub\My-brackets\AspDotNet-ReactRedux\PureCore\Infrastructure\Infrastructure\ClientApp\dist\redux\store\initState.js.map
C:\My\GitHub\My-brackets\AspDotNet-ReactRedux\PureCore\Infrastructure\Infrastructure\ClientApp\dist\redux\reducers\demo.js
C:\My\GitHub\My-brackets\AspDotNet-ReactRedux\PureCore\Infrastructure\Infrastructure\ClientApp\dist\redux\reducers\demo.js.map
C:\My\GitHub\My-brackets\AspDotNet-ReactRedux\PureCore\Infrastructure\Infrastructure\ClientApp\dist\redux\reducers\list.js
C:\My\GitHub\My-brackets\AspDotNet-ReactRedux\PureCore\Infrastructure\Infrastructure\ClientApp\dist\redux\reducers\list.js.map
C:\My\GitHub\My-brackets\AspDotNet-ReactRedux\PureCore\Infrastructure\Infrastructure\ClientApp\dist\redux\reducers\index.js
C:\My\GitHub\My-brackets\AspDotNet-ReactRedux\PureCore\Infrastructure\Infrastructure\ClientApp\dist\redux\reducers\index.js.map
C:\My\GitHub\My-brackets\AspDotNet-ReactRedux\PureCore\Infrastructure\Infrastructure\ClientApp\dist\redux\store\configureStore.js
C:\My\GitHub\My-brackets\AspDotNet-ReactRedux\PureCore\Infrastructure\Infrastructure\ClientApp\dist\redux\store\configureStore.js.map
C:\My\GitHub\My-brackets\AspDotNet-ReactRedux\PureCore\Infrastructure\Infrastructure\ClientApp\dist\libs\AsyncComponents.js
C:\My\GitHub\My-brackets\AspDotNet-ReactRedux\PureCore\Infrastructure\Infrastructure\ClientApp\dist\libs\AsyncComponents.js.map
C:\My\GitHub\My-brackets\AspDotNet-ReactRedux\PureCore\Infrastructure\Infrastructure\ClientApp\dist\components\Hello.js
C:\My\GitHub\My-brackets\AspDotNet-ReactRedux\PureCore\Infrastructure\Infrastructure\ClientApp\dist\components\Hello.js.map
C:\My\GitHub\My-brackets\AspDotNet-ReactRedux\PureCore\Infrastructure\Infrastructure\ClientApp\dist\views\Hello\index.js
C:\My\GitHub\My-brackets\AspDotNet-ReactRedux\PureCore\Infrastructure\Infrastructure\ClientApp\dist\views\Hello\index.js.map
C:\My\GitHub\My-brackets\AspDotNet-ReactRedux\PureCore\Infrastructure\Infrastructure\ClientApp\dist\types\components\dialogue.js
C:\My\GitHub\My-brackets\AspDotNet-ReactRedux\PureCore\Infrastructure\Infrastructure\ClientApp\dist\types\components\dialogue.js.map
C:\My\GitHub\My-brackets\AspDotNet-ReactRedux\PureCore\Infrastructure\Infrastructure\ClientApp\dist\components\Dialogue\index.js
C:\My\GitHub\My-brackets\AspDotNet-ReactRedux\PureCore\Infrastructure\Infrastructure\ClientApp\dist\components\Dialogue\index.js.map
C:\My\GitHub\My-brackets\AspDotNet-ReactRedux\PureCore\Infrastructure\Infrastructure\ClientApp\dist\views\Home\homeComponent.js
C:\My\GitHub\My-brackets\AspDotNet-ReactRedux\PureCore\Infrastructure\Infrastructure\ClientApp\dist\views\Home\homeComponent.js.map
C:\My\GitHub\My-brackets\AspDotNet-ReactRedux\PureCore\Infrastructure\Infrastructure\ClientApp\dist\views\Home\index.js
C:\My\GitHub\My-brackets\AspDotNet-ReactRedux\PureCore\Infrastructure\Infrastructure\ClientApp\dist\views\Home\index.js.map
C:\My\GitHub\My-brackets\AspDotNet-ReactRedux\PureCore\Infrastructure\Infrastructure\ClientApp\dist\views\NotFound\index.js
C:\My\GitHub\My-brackets\AspDotNet-ReactRedux\PureCore\Infrastructure\Infrastructure\ClientApp\dist\views\NotFound\index.js.map
C:\My\GitHub\My-brackets\AspDotNet-ReactRedux\PureCore\Infrastructure\Infrastructure\ClientApp\dist\views\About\aboutComponent.js
C:\My\GitHub\My-brackets\AspDotNet-ReactRedux\PureCore\Infrastructure\Infrastructure\ClientApp\dist\views\About\aboutComponent.js.map
C:\My\GitHub\My-brackets\AspDotNet-ReactRedux\PureCore\Infrastructure\Infrastructure\ClientApp\dist\views\About\index.js
C:\My\GitHub\My-brackets\AspDotNet-ReactRedux\PureCore\Infrastructure\Infrastructure\ClientApp\dist\views\About\index.js.map
C:\My\GitHub\My-brackets\AspDotNet-ReactRedux\PureCore\Infrastructure\Infrastructure\ClientApp\dist\components\List\index.js
C:\My\GitHub\My-brackets\AspDotNet-ReactRedux\PureCore\Infrastructure\Infrastructure\ClientApp\dist\components\List\index.js.map
C:\My\GitHub\My-brackets\AspDotNet-ReactRedux\PureCore\Infrastructure\Infrastructure\ClientApp\dist\views\List\listComponent.js
C:\My\GitHub\My-brackets\AspDotNet-ReactRedux\PureCore\Infrastructure\Infrastructure\ClientApp\dist\views\List\listComponent.js.map
C:\My\GitHub\My-brackets\AspDotNet-ReactRedux\PureCore\Infrastructure\Infrastructure\ClientApp\dist\views\List\index.js
C:\My\GitHub\My-brackets\AspDotNet-ReactRedux\PureCore\Infrastructure\Infrastructure\ClientApp\dist\views\List\index.js.map
C:\My\GitHub\My-brackets\AspDotNet-ReactRedux\PureCore\Infrastructure\Infrastructure\ClientApp\dist\router\index.js
C:\My\GitHub\My-brackets\AspDotNet-ReactRedux\PureCore\Infrastructure\Infrastructure\ClientApp\dist\router\index.js.map
C:\My\GitHub\My-brackets\AspDotNet-ReactRedux\PureCore\Infrastructure\Infrastructure\ClientApp\dist\index.js
C:\My\GitHub\My-brackets\AspDotNet-ReactRedux\PureCore\Infrastructure\Infrastructure\ClientApp\dist\index.js.map
C:\My\GitHub\My-brackets\AspDotNet-ReactRedux\PureCore\Infrastructure\Infrastructure\ClientApp\dist\utils\index.js
C:\My\GitHub\My-brackets\AspDotNet-ReactRedux\PureCore\Infrastructure\Infrastructure\ClientApp\dist\utils\index.js.map
C:\My\GitHub\My-brackets\AspDotNet-ReactRedux\PureCore\Infrastructure\Infrastructure\ClientApp\dist\components\Common\index.js
C:\My\GitHub\My-brackets\AspDotNet-ReactRedux\PureCore\Infrastructure\Infrastructure\ClientApp\dist\components\Common\index.js.map
C:\My\GitHub\My-brackets\AspDotNet-ReactRedux\PureCore\Infrastructure\Infrastructure\ClientApp\dist\components\Loading\index.js
C:\My\GitHub\My-brackets\AspDotNet-ReactRedux\PureCore\Infrastructure\Infrastructure\ClientApp\dist\components\Loading\index.js.map
